Successfully retrieved statistics for job: 37806399. 
+------------------------------------------------------------------------------+
| GPU ID: 2                                                                    |
+====================================+=========================================+
|-----  Execution Stats  ------------+-----------------------------------------|
| Start Time                         | Fri Mar  7 12:30:17 2025                |
| End Time                           | Fri Mar  7 16:25:22 2025                |
| Total Execution Time (sec)         | 14105.5                                 |
| No. of Processes                   | 1                                       |
+-----  Performance Stats  ----------+-----------------------------------------+
| Energy Consumed (Joules)           | 1239383                                 |
| Power Usage (Watts)                | Avg: 338.126, Max: 418.432, Min: 67.633 |
| Max GPU Memory Used (bytes)        | 39279656960                             |
| SM Clock (MHz)                     | Avg: 1351, Max: 1410, Min: 1155         |
| Memory Clock (MHz)                 | Avg: 1593, Max: 1593, Min: 1593         |
| SM Utilization (%)                 | Avg: 82, Max: 100, Min: 0               |
| Memory Utilization (%)             | Avg: 32, Max: 40, Min: 0                |
| PCIe Rx Bandwidth (megabytes)      | Avg: N/A, Max: N/A, Min: N/A            |
| PCIe Tx Bandwidth (megabytes)      | Avg: N/A, Max: N/A, Min: N/A            |
+-----  Event Stats  ----------------+-----------------------------------------+
| Single Bit ECC Errors              | 0                                       |
| Double Bit ECC Errors              | 0                                       |
| PCIe Replay Warnings               | 0                                       |
| Critical XID Errors                | 0                                       |
+-----  Slowdown Stats  -------------+-----------------------------------------+
| Due to - Power (%)                 | 0                                       |
|        - Thermal (%)               | 0                                       |
|        - Reliability (%)           | Not Supported                           |
|        - Board Limit (%)           | Not Supported                           |
|        - Low Utilization (%)       | Not Supported                           |
|        - Sync Boost (%)            | 0                                       |
+--  Compute Process Utilization  ---+-----------------------------------------+
| PID                                | 2921305                                 |
|     Avg SM Utilization (%)         | 84                                      |
|     Avg Memory Utilization (%)     | 32                                      |
+-----  Overall Health  -------------+-----------------------------------------+
| Overall Health                     | Healthy                                 |
+------------------------------------+-----------------------------------------+

