Successfully retrieved statistics for job: 37788036. 
+------------------------------------------------------------------------------+
| GPU ID: 0                                                                    |
+====================================+=========================================+
|-----  Execution Stats  ------------+-----------------------------------------|
| Start Time                         | Thu Mar  6 10:44:30 2025                |
| End Time                           | Thu Mar  6 15:42:13 2025                |
| Total Execution Time (sec)         | 17862.6                                 |
| No. of Processes                   | 1                                       |
+-----  Performance Stats  ----------+-----------------------------------------+
| Energy Consumed (Joules)           | 759743                                  |
| Power Usage (Watts)                | Avg: 211.155, Max: 417.725, Min: 66.754 |
| Max GPU Memory Used (bytes)        | 39583744000                             |
| SM Clock (MHz)                     | Avg: 1279, Max: 1410, Min: 1155         |
| Memory Clock (MHz)                 | Avg: 1593, Max: 1593, Min: 1593         |
| SM Utilization (%)                 | Avg: 40, Max: 100, Min: 0               |
| Memory Utilization (%)             | Avg: 17, Max: 42, Min: 0                |
| PCIe Rx Bandwidth (megabytes)      | Avg: N/A, Max: N/A, Min: N/A            |
| PCIe Tx Bandwidth (megabytes)      | Avg: N/A, Max: N/A, Min: N/A            |
+-----  Event Stats  ----------------+-----------------------------------------+
| Single Bit ECC Errors              | 0                                       |
| Double Bit ECC Errors              | 0                                       |
| PCIe Replay Warnings               | 0                                       |
| Critical XID Errors                | 0                                       |
+-----  Slowdown Stats  -------------+-----------------------------------------+
| Due to - Power (%)                 | 0                                       |
|        - Thermal (%)               | 0                                       |
|        - Reliability (%)           | Not Supported                           |
|        - Board Limit (%)           | Not Supported                           |
|        - Low Utilization (%)       | Not Supported                           |
|        - Sync Boost (%)            | 0                                       |
+--  Compute Process Utilization  ---+-----------------------------------------+
| PID                                | 2568137                                 |
|     Avg SM Utilization (%)         | 43                                      |
|     Avg Memory Utilization (%)     | 17                                      |
+-----  Overall Health  -------------+-----------------------------------------+
| Overall Health                     | Healthy                                 |
+------------------------------------+-----------------------------------------+

