Successfully retrieved statistics for job: 37774645. 
+------------------------------------------------------------------------------+
| GPU ID: 0                                                                    |
+====================================+=========================================+
|-----  Execution Stats  ------------+-----------------------------------------|
| Start Time                         | Wed Mar  5 16:01:56 2025                |
| End Time                           | Wed Mar  5 19:35:05 2025                |
| Total Execution Time (sec)         | 12788.9                                 |
| No. of Processes                   | 1                                       |
+-----  Performance Stats  ----------+-----------------------------------------+
| Energy Consumed (Joules)           | 1014150                                 |
| Power Usage (Watts)                | Avg: 292.387, Max: 411.427, Min: 65.997 |
| Max GPU Memory Used (bytes)        | 39665532928                             |
| SM Clock (MHz)                     | Avg: 1321, Max: 1410, Min: 1155         |
| Memory Clock (MHz)                 | Avg: 1593, Max: 1593, Min: 1593         |
| SM Utilization (%)                 | Avg: 63, Max: 100, Min: 0               |
| Memory Utilization (%)             | Avg: 26, Max: 42, Min: 0                |
| PCIe Rx Bandwidth (megabytes)      | Avg: N/A, Max: N/A, Min: N/A            |
| PCIe Tx Bandwidth (megabytes)      | Avg: N/A, Max: N/A, Min: N/A            |
+-----  Event Stats  ----------------+-----------------------------------------+
| Single Bit ECC Errors              | 0                                       |
| Double Bit ECC Errors              | 0                                       |
| PCIe Replay Warnings               | 0                                       |
| Critical XID Errors                | 0                                       |
+-----  Slowdown Stats  -------------+-----------------------------------------+
| Due to - Power (%)                 | 0                                       |
|        - Thermal (%)               | 0                                       |
|        - Reliability (%)           | Not Supported                           |
|        - Board Limit (%)           | Not Supported                           |
|        - Low Utilization (%)       | Not Supported                           |
|        - Sync Boost (%)            | 0                                       |
+--  Compute Process Utilization  ---+-----------------------------------------+
| PID                                | 2381242                                 |
|     Avg SM Utilization (%)         | 65                                      |
|     Avg Memory Utilization (%)     | 26                                      |
+-----  Overall Health  -------------+-----------------------------------------+
| Overall Health                     | Healthy                                 |
+------------------------------------+-----------------------------------------+

