Successfully retrieved statistics for job: 38273770. 
+------------------------------------------------------------------------------+
| GPU ID: 2                                                                    |
+====================================+=========================================+
|-----  Execution Stats  ------------+-----------------------------------------|
| Start Time                         | Wed Apr 16 17:41:39 2025                |
| End Time                           | Wed Apr 16 17:42:20 2025                |
| Total Execution Time (sec)         | 41.62                                   |
| No. of Processes                   | 2                                       |
+-----  Performance Stats  ----------+-----------------------------------------+
| Energy Consumed (Joules)           | 0                                       |
| Power Usage (Watts)                | Avg: 64.756, Max: 68.085, Min: 61.427   |
| Max GPU Memory Used (bytes)        | 17022582784                             |
| SM Clock (MHz)                     | Avg: 690, Max: 1155, Min: 225           |
| Memory Clock (MHz)                 | Avg: 1593, Max: 1593, Min: 1593         |
| SM Utilization (%)                 | Avg: 0, Max: 0, Min: 0                  |
| Memory Utilization (%)             | Avg: 0, Max: 0, Min: 0                  |
| PCIe Rx Bandwidth (megabytes)      | Avg: N/A, Max: N/A, Min: N/A            |
| PCIe Tx Bandwidth (megabytes)      | Avg: N/A, Max: N/A, Min: N/A            |
+-----  Event Stats  ----------------+-----------------------------------------+
| Single Bit ECC Errors              | 0                                       |
| Double Bit ECC Errors              | 0                                       |
| PCIe Replay Warnings               | 0                                       |
| Critical XID Errors                | 0                                       |
+-----  Slowdown Stats  -------------+-----------------------------------------+
| Due to - Power (%)                 | 0                                       |
|        - Thermal (%)               | 0                                       |
|        - Reliability (%)           | Not Supported                           |
|        - Board Limit (%)           | Not Supported                           |
|        - Low Utilization (%)       | Not Supported                           |
|        - Sync Boost (%)            | 0                                       |
+--  Compute Process Utilization  ---+-----------------------------------------+
| PID                                | 2708734                                 |
|     Avg SM Utilization (%)         | 2                                       |
|     Avg Memory Utilization (%)     | Not Found                               |
| PID                                | 2708727                                 |
|     Avg SM Utilization (%)         | 4                                       |
|     Avg Memory Utilization (%)     | Not Found                               |
+-----  Overall Health  -------------+-----------------------------------------+
| Overall Health                     | Healthy                                 |
+------------------------------------+-----------------------------------------+

