Successfully retrieved statistics for job: 37760514. 
+------------------------------------------------------------------------------+
| GPU ID: 3                                                                    |
+====================================+=========================================+
|-----  Execution Stats  ------------+-----------------------------------------|
| Start Time                         | Tue Mar  4 22:37:48 2025                |
| End Time                           | Wed Mar  5 00:23:21 2025                |
| Total Execution Time (sec)         | 6333.46                                 |
| No. of Processes                   | 1                                       |
+-----  Performance Stats  ----------+-----------------------------------------+
| Energy Consumed (Joules)           | 731063                                  |
| Power Usage (Watts)                | Avg: 206.544, Max: 409.814, Min: 66.577 |
| Max GPU Memory Used (bytes)        | 21512585216                             |
| SM Clock (MHz)                     | Avg: 1280, Max: 1410, Min: 1155         |
| Memory Clock (MHz)                 | Avg: 1593, Max: 1593, Min: 1593         |
| SM Utilization (%)                 | Avg: 42, Max: 100, Min: 0               |
| Memory Utilization (%)             | Avg: 13, Max: 34, Min: 0                |
| PCIe Rx Bandwidth (megabytes)      | Avg: N/A, Max: N/A, Min: N/A            |
| PCIe Tx Bandwidth (megabytes)      | Avg: N/A, Max: N/A, Min: N/A            |
+-----  Event Stats  ----------------+-----------------------------------------+
| Single Bit ECC Errors              | 0                                       |
| Double Bit ECC Errors              | 0                                       |
| PCIe Replay Warnings               | 0                                       |
| Critical XID Errors                | 0                                       |
+-----  Slowdown Stats  -------------+-----------------------------------------+
| Due to - Power (%)                 | 0                                       |
|        - Thermal (%)               | 0                                       |
|        - Reliability (%)           | Not Supported                           |
|        - Board Limit (%)           | Not Supported                           |
|        - Low Utilization (%)       | Not Supported                           |
|        - Sync Boost (%)            | 0                                       |
+--  Compute Process Utilization  ---+-----------------------------------------+
| PID                                | 1036348                                 |
|     Avg SM Utilization (%)         | 45                                      |
|     Avg Memory Utilization (%)     | 13                                      |
+-----  Overall Health  -------------+-----------------------------------------+
| Overall Health                     | Healthy                                 |
+------------------------------------+-----------------------------------------+

