Successfully retrieved statistics for job: 38030425. 
+------------------------------------------------------------------------------+
| GPU ID: 1                                                                    |
+====================================+=========================================+
|-----  Execution Stats  ------------+-----------------------------------------|
| Start Time                         | Thu Mar 27 13:34:09 2025                |
| End Time                           | Thu Mar 27 17:06:07 2025                |
| Total Execution Time (sec)         | 12717.7                                 |
| No. of Processes                   | 1                                       |
+-----  Performance Stats  ----------+-----------------------------------------+
| Energy Consumed (Joules)           | 1388615                                 |
| Power Usage (Watts)                | Avg: 389.681, Max: 420.774, Min: 91.548 |
| Max GPU Memory Used (bytes)        | 39279656960                             |
| SM Clock (MHz)                     | Avg: 1355, Max: 1410, Min: 1320         |
| Memory Clock (MHz)                 | Avg: 1593, Max: 1593, Min: 1593         |
| SM Utilization (%)                 | Avg: 97, Max: 100, Min: 23              |
| Memory Utilization (%)             | Avg: 37, Max: 39, Min: 12               |
| PCIe Rx Bandwidth (megabytes)      | Avg: N/A, Max: N/A, Min: N/A            |
| PCIe Tx Bandwidth (megabytes)      | Avg: N/A, Max: N/A, Min: N/A            |
+-----  Event Stats  ----------------+-----------------------------------------+
| Single Bit ECC Errors              | 0                                       |
| Double Bit ECC Errors              | 0                                       |
| PCIe Replay Warnings               | 0                                       |
| Critical XID Errors                | 0                                       |
+-----  Slowdown Stats  -------------+-----------------------------------------+
| Due to - Power (%)                 | 0                                       |
|        - Thermal (%)               | 0                                       |
|        - Reliability (%)           | Not Supported                           |
|        - Board Limit (%)           | Not Supported                           |
|        - Low Utilization (%)       | Not Supported                           |
|        - Sync Boost (%)            | 0                                       |
+--  Compute Process Utilization  ---+-----------------------------------------+
| PID                                | 1167804                                 |
|     Avg SM Utilization (%)         | 97                                      |
|     Avg Memory Utilization (%)     | 36                                      |
+-----  Overall Health  -------------+-----------------------------------------+
| Overall Health                     | Healthy                                 |
+------------------------------------+-----------------------------------------+

