Successfully retrieved statistics for job: 37782080. 
+------------------------------------------------------------------------------+
| GPU ID: 3                                                                    |
+====================================+=========================================+
|-----  Execution Stats  ------------+-----------------------------------------|
| Start Time                         | Thu Mar  6 04:31:45 2025                |
| End Time                           | Thu Mar  6 08:46:50 2025                |
| Total Execution Time (sec)         | 15305.1                                 |
| No. of Processes                   | 1                                       |
+-----  Performance Stats  ----------+-----------------------------------------+
| Energy Consumed (Joules)           | 915805                                  |
| Power Usage (Watts)                | Avg: 262.937, Max: 411.938, Min: 65.724 |
| Max GPU Memory Used (bytes)        | 39564869632                             |
| SM Clock (MHz)                     | Avg: 1300, Max: 1410, Min: 1155         |
| Memory Clock (MHz)                 | Avg: 1593, Max: 1593, Min: 1593         |
| SM Utilization (%)                 | Avg: 59, Max: 100, Min: 0               |
| Memory Utilization (%)             | Avg: 24, Max: 42, Min: 0                |
| PCIe Rx Bandwidth (megabytes)      | Avg: N/A, Max: N/A, Min: N/A            |
| PCIe Tx Bandwidth (megabytes)      | Avg: N/A, Max: N/A, Min: N/A            |
+-----  Event Stats  ----------------+-----------------------------------------+
| Single Bit ECC Errors              | 0                                       |
| Double Bit ECC Errors              | 0                                       |
| PCIe Replay Warnings               | 0                                       |
| Critical XID Errors                | 0                                       |
+-----  Slowdown Stats  -------------+-----------------------------------------+
| Due to - Power (%)                 | 0                                       |
|        - Thermal (%)               | 0                                       |
|        - Reliability (%)           | Not Supported                           |
|        - Board Limit (%)           | Not Supported                           |
|        - Low Utilization (%)       | Not Supported                           |
|        - Sync Boost (%)            | 0                                       |
+--  Compute Process Utilization  ---+-----------------------------------------+
| PID                                | 1173599                                 |
|     Avg SM Utilization (%)         | 58                                      |
|     Avg Memory Utilization (%)     | 23                                      |
+-----  Overall Health  -------------+-----------------------------------------+
| Overall Health                     | Healthy                                 |
+------------------------------------+-----------------------------------------+

