Successfully retrieved statistics for job: 38258656. 
+------------------------------------------------------------------------------+
| GPU ID: 2                                                                    |
+====================================+=========================================+
|-----  Execution Stats  ------------+-----------------------------------------|
| Start Time                         | Tue Apr 15 21:51:26 2025                |
| End Time                           | Wed Apr 16 04:03:35 2025                |
| Total Execution Time (sec)         | 22328.6                                 |
| No. of Processes                   | 2                                       |
+-----  Performance Stats  ----------+-----------------------------------------+
| Energy Consumed (Joules)           | 1208524                                 |
| Power Usage (Watts)                | Avg: 336.979, Max: 433.502, Min: 68.789 |
| Max GPU Memory Used (bytes)        | 43062919168                             |
| SM Clock (MHz)                     | Avg: 1380, Max: 1410, Min: 1155         |
| Memory Clock (MHz)                 | Avg: 1593, Max: 1593, Min: 1593         |
| SM Utilization (%)                 | Avg: 83, Max: 100, Min: 0               |
| Memory Utilization (%)             | Avg: 34, Max: 42, Min: 0                |
| PCIe Rx Bandwidth (megabytes)      | Avg: N/A, Max: N/A, Min: N/A            |
| PCIe Tx Bandwidth (megabytes)      | Avg: N/A, Max: N/A, Min: N/A            |
+-----  Event Stats  ----------------+-----------------------------------------+
| Single Bit ECC Errors              | 0                                       |
| Double Bit ECC Errors              | 0                                       |
| PCIe Replay Warnings               | 0                                       |
| Critical XID Errors                | 0                                       |
+-----  Slowdown Stats  -------------+-----------------------------------------+
| Due to - Power (%)                 | 0                                       |
|        - Thermal (%)               | 0                                       |
|        - Reliability (%)           | Not Supported                           |
|        - Board Limit (%)           | Not Supported                           |
|        - Low Utilization (%)       | Not Supported                           |
|        - Sync Boost (%)            | 0                                       |
+--  Compute Process Utilization  ---+-----------------------------------------+
| PID                                | 3895214                                 |
|     Avg SM Utilization (%)         | 52                                      |
|     Avg Memory Utilization (%)     | 20                                      |
| PID                                | 3895199                                 |
|     Avg SM Utilization (%)         | 3                                       |
|     Avg Memory Utilization (%)     | 1                                       |
+-----  Overall Health  -------------+-----------------------------------------+
| Overall Health                     | Healthy                                 |
+------------------------------------+-----------------------------------------+

