Successfully retrieved statistics for job: 38261777. 
+------------------------------------------------------------------------------+
| GPU ID: 1                                                                    |
+====================================+=========================================+
|-----  Execution Stats  ------------+-----------------------------------------|
| Start Time                         | Wed Apr 16 09:48:59 2025                |
| End Time                           | Wed Apr 16 12:50:45 2025                |
| Total Execution Time (sec)         | 10906.1                                 |
| No. of Processes                   | 2                                       |
+-----  Performance Stats  ----------+-----------------------------------------+
| Energy Consumed (Joules)           | 1177063                                 |
| Power Usage (Watts)                | Avg: 325.86, Max: 422.333, Min: 70.615  |
| Max GPU Memory Used (bytes)        | 43062919168                             |
| SM Clock (MHz)                     | Avg: 1362, Max: 1410, Min: 1155         |
| Memory Clock (MHz)                 | Avg: 1593, Max: 1593, Min: 1593         |
| SM Utilization (%)                 | Avg: 77, Max: 100, Min: 0               |
| Memory Utilization (%)             | Avg: 33, Max: 42, Min: 0                |
| PCIe Rx Bandwidth (megabytes)      | Avg: N/A, Max: N/A, Min: N/A            |
| PCIe Tx Bandwidth (megabytes)      | Avg: N/A, Max: N/A, Min: N/A            |
+-----  Event Stats  ----------------+-----------------------------------------+
| Single Bit ECC Errors              | 0                                       |
| Double Bit ECC Errors              | 0                                       |
| PCIe Replay Warnings               | 0                                       |
| Critical XID Errors                | 0                                       |
+-----  Slowdown Stats  -------------+-----------------------------------------+
| Due to - Power (%)                 | 0                                       |
|        - Thermal (%)               | 0                                       |
|        - Reliability (%)           | Not Supported                           |
|        - Board Limit (%)           | Not Supported                           |
|        - Low Utilization (%)       | Not Supported                           |
|        - Sync Boost (%)            | 0                                       |
+--  Compute Process Utilization  ---+-----------------------------------------+
| PID                                | 1835368                                 |
|     Avg SM Utilization (%)         | 54                                      |
|     Avg Memory Utilization (%)     | 21                                      |
| PID                                | 1835361                                 |
|     Avg SM Utilization (%)         | 1                                       |
|     Avg Memory Utilization (%)     | 0                                       |
+-----  Overall Health  -------------+-----------------------------------------+
| Overall Health                     | Healthy                                 |
+------------------------------------+-----------------------------------------+

