Successfully retrieved statistics for job: 37657361. 
+------------------------------------------------------------------------------+
| GPU ID: 3                                                                    |
+====================================+=========================================+
|-----  Execution Stats  ------------+-----------------------------------------|
| Start Time                         | Wed Feb 26 20:05:08 2025                |
| End Time                           | Thu Feb 27 00:42:15 2025                |
| Total Execution Time (sec)         | 16626.9                                 |
| No. of Processes                   | 1                                       |
+-----  Performance Stats  ----------+-----------------------------------------+
| Energy Consumed (Joules)           | 1184978                                 |
| Power Usage (Watts)                | Avg: 337.296, Max: 451.076, Min: 70.982 |
| Max GPU Memory Used (bytes)        | 53229912064                             |
| SM Clock (MHz)                     | Avg: 1313, Max: 1410, Min: 1155         |
| Memory Clock (MHz)                 | Avg: 1593, Max: 1593, Min: 1593         |
| SM Utilization (%)                 | Avg: 79, Max: 100, Min: 0               |
| Memory Utilization (%)             | Avg: 31, Max: 44, Min: 0                |
| PCIe Rx Bandwidth (megabytes)      | Avg: N/A, Max: N/A, Min: N/A            |
| PCIe Tx Bandwidth (megabytes)      | Avg: N/A, Max: N/A, Min: N/A            |
+-----  Event Stats  ----------------+-----------------------------------------+
| Single Bit ECC Errors              | 0                                       |
| Double Bit ECC Errors              | 0                                       |
| PCIe Replay Warnings               | 0                                       |
| Critical XID Errors                | 0                                       |
+-----  Slowdown Stats  -------------+-----------------------------------------+
| Due to - Power (%)                 | 0                                       |
|        - Thermal (%)               | 0                                       |
|        - Reliability (%)           | Not Supported                           |
|        - Board Limit (%)           | Not Supported                           |
|        - Low Utilization (%)       | Not Supported                           |
|        - Sync Boost (%)            | 0                                       |
+--  Compute Process Utilization  ---+-----------------------------------------+
| PID                                | 3778661                                 |
|     Avg SM Utilization (%)         | 80                                      |
|     Avg Memory Utilization (%)     | 31                                      |
+-----  Overall Health  -------------+-----------------------------------------+
| Overall Health                     | Healthy                                 |
+------------------------------------+-----------------------------------------+

