Successfully retrieved statistics for job: 37755149. 
+------------------------------------------------------------------------------+
| GPU ID: 2                                                                    |
+====================================+=========================================+
|-----  Execution Stats  ------------+-----------------------------------------|
| Start Time                         | Tue Mar  4 13:14:00 2025                |
| End Time                           | Tue Mar  4 14:21:52 2025                |
| Total Execution Time (sec)         | 4072.42                                 |
| No. of Processes                   | 1                                       |
+-----  Performance Stats  ----------+-----------------------------------------+
| Energy Consumed (Joules)           | 1046200                                 |
| Power Usage (Watts)                | Avg: 291.137, Max: 386.024, Min: 69.295 |
| Max GPU Memory Used (bytes)        | 54177824768                             |
| SM Clock (MHz)                     | Avg: 1277, Max: 1410, Min: 1155         |
| Memory Clock (MHz)                 | Avg: 1593, Max: 1593, Min: 1593         |
| SM Utilization (%)                 | Avg: 82, Max: 100, Min: 0               |
| Memory Utilization (%)             | Avg: 33, Max: 57, Min: 0                |
| PCIe Rx Bandwidth (megabytes)      | Avg: N/A, Max: N/A, Min: N/A            |
| PCIe Tx Bandwidth (megabytes)      | Avg: N/A, Max: N/A, Min: N/A            |
+-----  Event Stats  ----------------+-----------------------------------------+
| Single Bit ECC Errors              | 0                                       |
| Double Bit ECC Errors              | 0                                       |
| PCIe Replay Warnings               | 0                                       |
| Critical XID Errors                | 0                                       |
+-----  Slowdown Stats  -------------+-----------------------------------------+
| Due to - Power (%)                 | 0                                       |
|        - Thermal (%)               | 0                                       |
|        - Reliability (%)           | Not Supported                           |
|        - Board Limit (%)           | Not Supported                           |
|        - Low Utilization (%)       | Not Supported                           |
|        - Sync Boost (%)            | 0                                       |
+--  Compute Process Utilization  ---+-----------------------------------------+
| PID                                | 211993                                  |
|     Avg SM Utilization (%)         | 79                                      |
|     Avg Memory Utilization (%)     | 33                                      |
+-----  Overall Health  -------------+-----------------------------------------+
| Overall Health                     | Healthy                                 |
+------------------------------------+-----------------------------------------+

