Successfully retrieved statistics for job: 38030420. 
+------------------------------------------------------------------------------+
| GPU ID: 0                                                                    |
+====================================+=========================================+
|-----  Execution Stats  ------------+-----------------------------------------|
| Start Time                         | Thu Mar 27 13:31:16 2025                |
| End Time                           | Thu Mar 27 17:00:18 2025                |
| Total Execution Time (sec)         | 12541.6                                 |
| No. of Processes                   | 1                                       |
+-----  Performance Stats  ----------+-----------------------------------------+
| Energy Consumed (Joules)           | 1377620                                 |
| Power Usage (Watts)                | Avg: 355.901, Max: 415.337, Min: 86.94  |
| Max GPU Memory Used (bytes)        | 39340474368                             |
| SM Clock (MHz)                     | Avg: 1381, Max: 1410, Min: 1365         |
| Memory Clock (MHz)                 | Avg: 1593, Max: 1593, Min: 1593         |
| SM Utilization (%)                 | Avg: 88, Max: 100, Min: 0               |
| Memory Utilization (%)             | Avg: 39, Max: 40, Min: 39               |
| PCIe Rx Bandwidth (megabytes)      | Avg: N/A, Max: N/A, Min: N/A            |
| PCIe Tx Bandwidth (megabytes)      | Avg: N/A, Max: N/A, Min: N/A            |
+-----  Event Stats  ----------------+-----------------------------------------+
| Single Bit ECC Errors              | 0                                       |
| Double Bit ECC Errors              | 0                                       |
| PCIe Replay Warnings               | 0                                       |
| Critical XID Errors                | 0                                       |
+-----  Slowdown Stats  -------------+-----------------------------------------+
| Due to - Power (%)                 | 0                                       |
|        - Thermal (%)               | 0                                       |
|        - Reliability (%)           | Not Supported                           |
|        - Board Limit (%)           | Not Supported                           |
|        - Low Utilization (%)       | Not Supported                           |
|        - Sync Boost (%)            | 0                                       |
+--  Compute Process Utilization  ---+-----------------------------------------+
| PID                                | 3260437                                 |
|     Avg SM Utilization (%)         | 96                                      |
|     Avg Memory Utilization (%)     | 37                                      |
+-----  Overall Health  -------------+-----------------------------------------+
| Overall Health                     | Healthy                                 |
+------------------------------------+-----------------------------------------+

