Successfully retrieved statistics for job: 38033166. 
+------------------------------------------------------------------------------+
| GPU ID: 1                                                                    |
+====================================+=========================================+
|-----  Execution Stats  ------------+-----------------------------------------|
| Start Time                         | Thu Mar 27 17:07:14 2025                |
| End Time                           | Thu Mar 27 17:08:07 2025                |
| Total Execution Time (sec)         | 53.57                                   |
| No. of Processes                   | 1                                       |
+-----  Performance Stats  ----------+-----------------------------------------+
| Energy Consumed (Joules)           | 0                                       |
| Power Usage (Watts)                | Avg: 238.123, Max: 394.986, Min: 81.259 |
| Max GPU Memory Used (bytes)        | 35368468480                             |
| SM Clock (MHz)                     | Avg: 1350, Max: 1350, Min: 1350         |
| Memory Clock (MHz)                 | Avg: 1593, Max: 1593, Min: 1593         |
| SM Utilization (%)                 | Avg: 73, Max: 100, Min: 46              |
| Memory Utilization (%)             | Avg: 20, Max: 39, Min: 1                |
| PCIe Rx Bandwidth (megabytes)      | Avg: N/A, Max: N/A, Min: N/A            |
| PCIe Tx Bandwidth (megabytes)      | Avg: N/A, Max: N/A, Min: N/A            |
+-----  Event Stats  ----------------+-----------------------------------------+
| Single Bit ECC Errors              | 0                                       |
| Double Bit ECC Errors              | 0                                       |
| PCIe Replay Warnings               | 0                                       |
| Critical XID Errors                | 0                                       |
+-----  Slowdown Stats  -------------+-----------------------------------------+
| Due to - Power (%)                 | 0                                       |
|        - Thermal (%)               | 0                                       |
|        - Reliability (%)           | Not Supported                           |
|        - Board Limit (%)           | Not Supported                           |
|        - Low Utilization (%)       | Not Supported                           |
|        - Sync Boost (%)            | 0                                       |
+--  Compute Process Utilization  ---+-----------------------------------------+
| PID                                | 1209916                                 |
|     Avg SM Utilization (%)         | 63                                      |
|     Avg Memory Utilization (%)     | 20                                      |
+-----  Overall Health  -------------+-----------------------------------------+
| Overall Health                     | Healthy                                 |
+------------------------------------+-----------------------------------------+

