Successfully retrieved statistics for job: 37756261. 
+------------------------------------------------------------------------------+
| GPU ID: 1                                                                    |
+====================================+=========================================+
|-----  Execution Stats  ------------+-----------------------------------------|
| Start Time                         | Tue Mar  4 14:39:38 2025                |
| End Time                           | Tue Mar  4 15:41:26 2025                |
| Total Execution Time (sec)         | 3707.7                                  |
| No. of Processes                   | 1                                       |
+-----  Performance Stats  ----------+-----------------------------------------+
| Energy Consumed (Joules)           | 1251237                                 |
| Power Usage (Watts)                | Avg: 351.082, Max: 446.502, Min: 67.774 |
| Max GPU Memory Used (bytes)        | 55989764096                             |
| SM Clock (MHz)                     | Avg: 1337, Max: 1410, Min: 1155         |
| Memory Clock (MHz)                 | Avg: 1593, Max: 1593, Min: 1593         |
| SM Utilization (%)                 | Avg: 87, Max: 100, Min: 0               |
| Memory Utilization (%)             | Avg: 37, Max: 49, Min: 0                |
| PCIe Rx Bandwidth (megabytes)      | Avg: N/A, Max: N/A, Min: N/A            |
| PCIe Tx Bandwidth (megabytes)      | Avg: N/A, Max: N/A, Min: N/A            |
+-----  Event Stats  ----------------+-----------------------------------------+
| Single Bit ECC Errors              | 0                                       |
| Double Bit ECC Errors              | 0                                       |
| PCIe Replay Warnings               | 0                                       |
| Critical XID Errors                | 0                                       |
+-----  Slowdown Stats  -------------+-----------------------------------------+
| Due to - Power (%)                 | 0                                       |
|        - Thermal (%)               | 0                                       |
|        - Reliability (%)           | Not Supported                           |
|        - Board Limit (%)           | Not Supported                           |
|        - Low Utilization (%)       | Not Supported                           |
|        - Sync Boost (%)            | 0                                       |
+--  Compute Process Utilization  ---+-----------------------------------------+
| PID                                | 1928655                                 |
|     Avg SM Utilization (%)         | 86                                      |
|     Avg Memory Utilization (%)     | 36                                      |
+-----  Overall Health  -------------+-----------------------------------------+
| Overall Health                     | Healthy                                 |
+------------------------------------+-----------------------------------------+

