Successfully retrieved statistics for job: 37696477. 
+------------------------------------------------------------------------------+
| GPU ID: 3                                                                    |
+====================================+=========================================+
|-----  Execution Stats  ------------+-----------------------------------------|
| Start Time                         | Fri Feb 28 16:32:00 2025                |
| End Time                           | Fri Feb 28 20:21:26 2025                |
| Total Execution Time (sec)         | 13765.7                                 |
| No. of Processes                   | 1                                       |
+-----  Performance Stats  ----------+-----------------------------------------+
| Energy Consumed (Joules)           | 1178790                                 |
| Power Usage (Watts)                | Avg: 321.281, Max: 443.275, Min: 73.057 |
| Max GPU Memory Used (bytes)        | 53691285504                             |
| SM Clock (MHz)                     | Avg: 1372, Max: 1410, Min: 1260         |
| Memory Clock (MHz)                 | Avg: 1593, Max: 1593, Min: 1593         |
| SM Utilization (%)                 | Avg: 77, Max: 100, Min: 0               |
| Memory Utilization (%)             | Avg: 31, Max: 45, Min: 0                |
| PCIe Rx Bandwidth (megabytes)      | Avg: N/A, Max: N/A, Min: N/A            |
| PCIe Tx Bandwidth (megabytes)      | Avg: N/A, Max: N/A, Min: N/A            |
+-----  Event Stats  ----------------+-----------------------------------------+
| Single Bit ECC Errors              | 0                                       |
| Double Bit ECC Errors              | 0                                       |
| PCIe Replay Warnings               | 0                                       |
| Critical XID Errors                | 0                                       |
+-----  Slowdown Stats  -------------+-----------------------------------------+
| Due to - Power (%)                 | 0                                       |
|        - Thermal (%)               | 0                                       |
|        - Reliability (%)           | Not Supported                           |
|        - Board Limit (%)           | Not Supported                           |
|        - Low Utilization (%)       | Not Supported                           |
|        - Sync Boost (%)            | 0                                       |
+--  Compute Process Utilization  ---+-----------------------------------------+
| PID                                | 1175881                                 |
|     Avg SM Utilization (%)         | 77                                      |
|     Avg Memory Utilization (%)     | 30                                      |
+-----  Overall Health  -------------+-----------------------------------------+
| Overall Health                     | Healthy                                 |
+------------------------------------+-----------------------------------------+

