Successfully retrieved statistics for job: 38036109. 
+------------------------------------------------------------------------------+
| GPU ID: 0                                                                    |
+====================================+=========================================+
|-----  Execution Stats  ------------+-----------------------------------------|
| Start Time                         | Fri Mar 28 01:43:38 2025                |
| End Time                           | Fri Mar 28 03:58:30 2025                |
| Total Execution Time (sec)         | 8092.08                                 |
| No. of Processes                   | 2                                       |
+-----  Performance Stats  ----------+-----------------------------------------+
| Energy Consumed (Joules)           | 1149947                                 |
| Power Usage (Watts)                | Avg: 319.436, Max: 430.606, Min: 67.589 |
| Max GPU Memory Used (bytes)        | 42786095104                             |
| SM Clock (MHz)                     | Avg: 1375, Max: 1410, Min: 1305         |
| Memory Clock (MHz)                 | Avg: 1593, Max: 1593, Min: 1593         |
| SM Utilization (%)                 | Avg: 76, Max: 100, Min: 0               |
| Memory Utilization (%)             | Avg: 32, Max: 46, Min: 0                |
| PCIe Rx Bandwidth (megabytes)      | Avg: N/A, Max: N/A, Min: N/A            |
| PCIe Tx Bandwidth (megabytes)      | Avg: N/A, Max: N/A, Min: N/A            |
+-----  Event Stats  ----------------+-----------------------------------------+
| Single Bit ECC Errors              | 0                                       |
| Double Bit ECC Errors              | 0                                       |
| PCIe Replay Warnings               | 0                                       |
| Critical XID Errors                | 0                                       |
+-----  Slowdown Stats  -------------+-----------------------------------------+
| Due to - Power (%)                 | 0                                       |
|        - Thermal (%)               | 0                                       |
|        - Reliability (%)           | Not Supported                           |
|        - Board Limit (%)           | Not Supported                           |
|        - Low Utilization (%)       | Not Supported                           |
|        - Sync Boost (%)            | 0                                       |
+--  Compute Process Utilization  ---+-----------------------------------------+
| PID                                | 925252                                  |
|     Avg SM Utilization (%)         | 73                                      |
|     Avg Memory Utilization (%)     | 27                                      |
| PID                                | 957070                                  |
|     Avg SM Utilization (%)         | 4                                       |
|     Avg Memory Utilization (%)     | 1                                       |
+-----  Overall Health  -------------+-----------------------------------------+
| Overall Health                     | Healthy                                 |
+------------------------------------+-----------------------------------------+

